[2026-01-25 15:18:46.232] [INFO] [dev.kostromdan.mods.crash_assistant.app.CrashAssistantApp]: CrashAssistantApp running: JVM args: [-XX:+UseSerialGC, -XX:MaxHeapFreeRatio=30, -XX:MinHeapFreeRatio=10, -XX:MaxGCPauseMillis=10000, -Xms8m, -Xmx512m]
[2026-01-25 15:18:46.232] [INFO] [dev.kostromdan.mods.crash_assistant.app.CrashAssistantApp]: CrashAssistantApp running: program args: [-jarPath, C:\Users\exoflex\AppData\Roaming\ModrinthApp\profiles\Better MC [FABRIC] - BMC3\local\crash_assistant\9824_1769383116_app.jar, -parentPID, 9824, -platform, FABRIC, -loaderJarName, fabric-loader-0.16.14.jar, -minecraftVersion, 1.21.1, -crashAssistantJarName, CrashAssistant-fabric-1.19.2-1.21.4-1.7.18.jar, -log4jApi, C:\Users\exoflex\AppData\Roaming\ModrinthApp\meta\libraries\org\apache\logging\log4j\log4j-api\2.22.1\log4j-api-2.22.1.jar, -log4jCore, C:\Users\exoflex\AppData\Roaming\ModrinthApp\meta\libraries\org\apache\logging\log4j\log4j-core\2.22.1\log4j-core-2.22.1.jar, -googleGson, C:\Users\exoflex\AppData\Roaming\ModrinthApp\meta\libraries\com\google\code\gson\gson\2.10.1\gson-2.10.1.jar, -commonIo, C:\Users\exoflex\AppData\Roaming\ModrinthApp\meta\libraries\commons-io\commons-io\2.15.1\commons-io-2.15.1.jar, -lwjglNatives, C:\Users\exoflex\AppData\Roaming\ModrinthApp\meta\libraries\org\lwjgl\lwjgl\3.3.3\lwjgl-3.3.3-natives-windows.jar, -processor, Intel(R) Core(TM) i5-10600 CPU @ 3.30GHz, -serialisedGPUs, REVESUNBVEVEIDogQU1EIFJhZGVvbiBQcm8gNTMwMA==, -recursiveStart]
[2026-01-25 15:18:46.232] [INFO] [dev.kostromdan.mods.crash_assistant.app.CrashAssistantApp]: CrashAssistantApp running from: C:\Users\exoflex\AppData\Roaming\ModrinthApp\profiles\Better MC [FABRIC] - BMC3
[2026-01-25 15:18:46.238] [INFO] [dev.kostromdan.mods.crash_assistant.app.CrashAssistantApp]: JAVA: C:\Users\exoflex\AppData\Roaming\ModrinthApp\meta\java_versions\zulu21.46.19-ca-jre21.0.9-win_x64\bin\javaw.exe
[2026-01-25 15:18:46.238] [INFO] [dev.kostromdan.mods.crash_assistant.app.CrashAssistantApp]: Parent PID: 9824
[2026-01-25 15:18:46.238] [INFO] [dev.kostromdan.mods.crash_assistant.app.CrashAssistantApp]: Platform: FABRIC
[2026-01-25 15:18:46.238] [INFO] [dev.kostromdan.mods.crash_assistant.app.CrashAssistantApp]: loaderJarName: fabric-loader-0.16.14.jar
[2026-01-25 15:18:46.238] [INFO] [dev.kostromdan.mods.crash_assistant.app.CrashAssistantApp]: minecraftVersion: 1.21.1
[2026-01-25 15:18:46.238] [INFO] [dev.kostromdan.mods.crash_assistant.app.CrashAssistantApp]: crashAssistantJarName: CrashAssistant-fabric-1.19.2-1.21.4-1.7.18.jar
[2026-01-25 15:18:46.238] [INFO] [dev.kostromdan.mods.crash_assistant.app.CrashAssistantApp]: Java version: 21.0.9+10-LTS
[2026-01-25 15:18:46.261] [INFO] [dev.kostromdan.mods.crash_assistant.app.CrashAssistantApp]: CrashAssistantApp started successfully. Waiting for PID 9824 to stop.
[2026-01-25 15:19:27.004] [INFO] [dev.kostromdan.mods.crash_assistant.app.CrashAssistantApp]: Detected renderer: AMD Radeon Pro 5300
[2026-01-25 15:19:27.005] [INFO] [dev.kostromdan.mods.crash_assistant.app.CrashAssistantApp]: Boot.serialisedGPUs:
DEDICATED : AMD Radeon Pro 5300
[2026-01-25 15:40:07.960] [INFO] [dev.kostromdan.mods.crash_assistant.app.CrashAssistantApp]: PID "9824" is not alive or reused by another process. Minecraft JVM appears to have stopped.
[2026-01-25 15:40:08.008] [INFO] [dev.kostromdan.mods.crash_assistant.app.CrashAssistantApp]: Adding latest.log from C:\Users\exoflex\AppData\Roaming\ModrinthApp\profiles\Better MC [FABRIC] - BMC3\logs\latest.log
[2026-01-25 15:40:08.103] [INFO] [dev.kostromdan.mods.crash_assistant.app.CrashAssistantApp]: Adding session_20260125_143543.log from C:\Users\exoflex\AppData\Roaming\ModrinthApp\profiles\Better MC [FABRIC] - BMC3\..\..\launcher_logs\session_20260125_143543.log
[2026-01-25 15:40:08.114] [INFO] [dev.kostromdan.mods.crash_assistant.app.CrashAssistantApp]: Adding crash_assistant_app.log from C:\Users\exoflex\AppData\Roaming\ModrinthApp\profiles\Better MC [FABRIC] - BMC3\logs\crash_assistant\crash_assistant_app.log
[2026-01-25 15:40:08.115] [INFO] [dev.kostromdan.mods.crash_assistant.app.CrashAssistantApp]: Reached first tick of TitleScreen: true
[2026-01-25 15:40:08.115] [INFO] [dev.kostromdan.mods.crash_assistant.app.CrashAssistantApp]: Joined world successfully: true
[2026-01-25 15:40:08.116] [INFO] [dev.kostromdan.mods.crash_assistant.app.CrashAssistantApp]: Stop function of Minecraft fired: true
[2026-01-25 15:40:08.117] [INFO] [dev.kostromdan.mods.crash_assistant.app.CrashAssistantApp]: Seems like Minecraft finished normally. Trying to locate terminated processes and Exiting Crash Assistant app.
